<?xml version="1.0" encoding="UTF-8"?>
<!-- Generated by org.testng.reporters.JUnitXMLReporter -->
<testsuite ignored="0" hostname="LAPTOP-8AAVMEOH" failures="1" tests="5" name="Surefire test" time="75.173" errors="0" timestamp="2021-04-23T00:04:38 MST">
  <testcase classname="com.amazon.qa.testcases.CartTest" name="cartTest" time="0.038">
    <failure type="java.lang.AssertionError" message="expected [$47.49] but found [$60.48]">
      <![CDATA[java.lang.AssertionError: expected [$47.49] but found [$60.48]
at com.amazon.qa.testcases.CartTest.cartTest(CartTest.java:44)
at java.base/java.util.ArrayList.forEach(ArrayList.java:1511)
... Removed 38 stack frames]]>
    </failure>
  </testcase> <!-- cartTest -->
  <testcase classname="com.amazon.qa.testcases.CheckoutTest" name="checkoutTest" time="0.033"/>
  <testcase classname="com.amazon.qa.testcases.HomeTest" name="searchBoxTest" time="4.53"/>
  <testcase classname="com.amazon.qa.testcases.ProductDetailTest" name="productDetailTest" time="3.2"/>
  <testcase classname="com.amazon.qa.testcases.ProductListingTest" name="productListingTest" time="3.4"/>
</testsuite> <!-- Surefire test -->
