<?xml version="1.0" encoding="UTF-8"?>
<testng-results ignored="0" total="5" passed="4" failed="1" skipped="0">
  <reporter-output>
  </reporter-output>
  <suite started-at="2021-04-23T00:03:23 MST" name="Surefire suite" finished-at="2021-04-23T00:04:38 MST" duration-ms="75173">
    <groups>
    </groups>
    <test started-at="2021-04-23T00:03:23 MST" name="Surefire test" finished-at="2021-04-23T00:04:38 MST" duration-ms="75173">
      <class name="com.amazon.qa.testcases.CartTest">
        <test-method is-config="true" signature="setUp()[pri:0, instance:com.amazon.qa.testcases.CartTest@4c39bec8]" started-at="2021-04-23T00:03:23 MST" name="setUp" finished-at="2021-04-23T00:03:40 MST" duration-ms="17014" status="PASS">
          <reporter-output>
          </reporter-output>
        </test-method> <!-- setUp -->
        <test-method signature="cartTest()[pri:0, instance:com.amazon.qa.testcases.CartTest@4c39bec8]" started-at="2021-04-23T00:03:40 MST" name="cartTest" finished-at="2021-04-23T00:03:40 MST" duration-ms="38" status="FAIL">
          <exception class="java.lang.AssertionError">
            <message>
              <![CDATA[expected [$47.49] but found [$60.48]]]>
            </message>
            <full-stacktrace>
              <![CDATA[java.lang.AssertionError: expected [$47.49] but found [$60.48]
at org.testng.Assert.fail(Assert.java:99)
at org.testng.Assert.failNotEquals(Assert.java:1037)
at org.testng.Assert.assertEqualsImpl(Assert.java:140)
at org.testng.Assert.assertEquals(Assert.java:122)
at org.testng.Assert.assertEquals(Assert.java:629)
at org.testng.Assert.assertEquals(Assert.java:639)
at com.amazon.qa.testcases.CartTest.cartTest(CartTest.java:44)
at java.base/jdk.internal.reflect.NativeMethodAccessorImpl.invoke0(Native Method)
at java.base/jdk.internal.reflect.NativeMethodAccessorImpl.invoke(NativeMethodAccessorImpl.java:64)
at java.base/jdk.internal.reflect.DelegatingMethodAccessorImpl.invoke(DelegatingMethodAccessorImpl.java:43)
at java.base/java.lang.reflect.Method.invoke(Method.java:564)
at org.testng.internal.MethodInvocationHelper.invokeMethod(MethodInvocationHelper.java:133)
at org.testng.internal.TestInvoker.invokeMethod(TestInvoker.java:598)
at org.testng.internal.TestInvoker.invokeTestMethod(TestInvoker.java:173)
at org.testng.internal.MethodRunner.runInSequence(MethodRunner.java:46)
at org.testng.internal.TestInvoker$MethodInvocationAgent.invoke(TestInvoker.java:824)
at org.testng.internal.TestInvoker.invokeTestMethods(TestInvoker.java:146)
at org.testng.internal.TestMethodWorker.invokeTestMethods(TestMethodWorker.java:146)
at org.testng.internal.TestMethodWorker.run(TestMethodWorker.java:128)
at java.base/java.util.ArrayList.forEach(ArrayList.java:1511)
at org.testng.TestRunner.privateRun(TestRunner.java:794)
at org.testng.TestRunner.run(TestRunner.java:596)
at org.testng.SuiteRunner.runTest(SuiteRunner.java:377)
at org.testng.SuiteRunner.runSequentially(SuiteRunner.java:371)
at org.testng.SuiteRunner.privateRun(SuiteRunner.java:332)
at org.testng.SuiteRunner.run(SuiteRunner.java:276)
at org.testng.SuiteRunnerWorker.runSuite(SuiteRunnerWorker.java:53)
at org.testng.SuiteRunnerWorker.run(SuiteRunnerWorker.java:96)
at org.testng.TestNG.runSuitesSequentially(TestNG.java:1212)
at org.testng.TestNG.runSuitesLocally(TestNG.java:1134)
at org.testng.TestNG.runSuites(TestNG.java:1063)
at org.testng.TestNG.run(TestNG.java:1031)
at org.apache.maven.surefire.testng.TestNGExecutor.run(TestNGExecutor.java:136)
at org.apache.maven.surefire.testng.TestNGDirectoryTestSuite.executeMulti(TestNGDirectoryTestSuite.java:193)
at org.apache.maven.surefire.testng.TestNGDirectoryTestSuite.execute(TestNGDirectoryTestSuite.java:94)
at org.apache.maven.surefire.testng.TestNGProvider.invoke(TestNGProvider.java:145)
at org.apache.maven.surefire.booter.ForkedBooter.runSuitesInProcess(ForkedBooter.java:428)
at org.apache.maven.surefire.booter.ForkedBooter.execute(ForkedBooter.java:162)
at org.apache.maven.surefire.booter.ForkedBooter.run(ForkedBooter.java:562)
at org.apache.maven.surefire.booter.ForkedBooter.main(ForkedBooter.java:548)
]]>
            </full-stacktrace>
          </exception> <!-- java.lang.AssertionError -->
          <reporter-output>
          </reporter-output>
        </test-method> <!-- cartTest -->
        <test-method is-config="true" signature="tearDown()[pri:0, instance:com.amazon.qa.testcases.CartTest@4c39bec8]" started-at="2021-04-23T00:03:40 MST" name="tearDown" finished-at="2021-04-23T00:03:45 MST" duration-ms="5155" status="PASS">
          <reporter-output>
          </reporter-output>
        </test-method> <!-- tearDown -->
      </class> <!-- com.amazon.qa.testcases.CartTest -->
      <class name="com.amazon.qa.testcases.CheckoutTest">
        <test-method is-config="true" signature="setUp()[pri:0, instance:com.amazon.qa.testcases.CheckoutTest@fa36558]" started-at="2021-04-23T00:03:45 MST" name="setUp" finished-at="2021-04-23T00:04:03 MST" duration-ms="18194" status="PASS">
          <reporter-output>
          </reporter-output>
        </test-method> <!-- setUp -->
        <test-method signature="checkoutTest()[pri:0, instance:com.amazon.qa.testcases.CheckoutTest@fa36558]" started-at="2021-04-23T00:04:03 MST" name="checkoutTest" finished-at="2021-04-23T00:04:03 MST" duration-ms="33" status="PASS">
          <reporter-output>
          </reporter-output>
        </test-method> <!-- checkoutTest -->
        <test-method is-config="true" signature="tearDown()[pri:0, instance:com.amazon.qa.testcases.CheckoutTest@fa36558]" started-at="2021-04-23T00:04:03 MST" name="tearDown" finished-at="2021-04-23T00:04:04 MST" duration-ms="668" status="PASS">
          <reporter-output>
          </reporter-output>
        </test-method> <!-- tearDown -->
      </class> <!-- com.amazon.qa.testcases.CheckoutTest -->
      <class name="com.amazon.qa.testcases.ProductListingTest">
        <test-method is-config="true" signature="setUp()[pri:0, instance:com.amazon.qa.testcases.ProductListingTest@3f56875e]" started-at="2021-04-23T00:04:26 MST" name="setUp" finished-at="2021-04-23T00:04:34 MST" duration-ms="7703" status="PASS">
          <reporter-output>
          </reporter-output>
        </test-method> <!-- setUp -->
        <test-method signature="productListingTest()[pri:0, instance:com.amazon.qa.testcases.ProductListingTest@3f56875e]" started-at="2021-04-23T00:04:34 MST" name="productListingTest" finished-at="2021-04-23T00:04:37 MST" duration-ms="3400" status="PASS">
          <reporter-output>
          </reporter-output>
        </test-method> <!-- productListingTest -->
        <test-method is-config="true" signature="tearDown()[pri:0, instance:com.amazon.qa.testcases.ProductListingTest@3f56875e]" started-at="2021-04-23T00:04:37 MST" name="tearDown" finished-at="2021-04-23T00:04:38 MST" duration-ms="660" status="PASS">
          <reporter-output>
          </reporter-output>
        </test-method> <!-- tearDown -->
      </class> <!-- com.amazon.qa.testcases.ProductListingTest -->
      <class name="com.amazon.qa.testcases.ProductDetailTest">
        <test-method is-config="true" signature="setUp()[pri:0, instance:com.amazon.qa.testcases.ProductDetailTest@32910148]" started-at="2021-04-23T00:04:13 MST" name="setUp" finished-at="2021-04-23T00:04:22 MST" duration-ms="9365" status="PASS">
          <reporter-output>
          </reporter-output>
        </test-method> <!-- setUp -->
        <test-method signature="productDetailTest()[pri:0, instance:com.amazon.qa.testcases.ProductDetailTest@32910148]" started-at="2021-04-23T00:04:22 MST" name="productDetailTest" finished-at="2021-04-23T00:04:25 MST" duration-ms="3200" status="PASS">
          <reporter-output>
          </reporter-output>
        </test-method> <!-- productDetailTest -->
        <test-method is-config="true" signature="tearDown()[pri:0, instance:com.amazon.qa.testcases.ProductDetailTest@32910148]" started-at="2021-04-23T00:04:25 MST" name="tearDown" finished-at="2021-04-23T00:04:26 MST" duration-ms="667" status="PASS">
          <reporter-output>
          </reporter-output>
        </test-method> <!-- tearDown -->
      </class> <!-- com.amazon.qa.testcases.ProductDetailTest -->
      <class name="com.amazon.qa.testcases.HomeTest">
        <test-method is-config="true" signature="setUp()[pri:0, instance:com.amazon.qa.testcases.HomeTest@672872e1]" started-at="2021-04-23T00:04:04 MST" name="setUp" finished-at="2021-04-23T00:04:08 MST" duration-ms="3838" status="PASS">
          <reporter-output>
          </reporter-output>
        </test-method> <!-- setUp -->
        <test-method signature="searchBoxTest()[pri:0, instance:com.amazon.qa.testcases.HomeTest@672872e1]" started-at="2021-04-23T00:04:08 MST" name="searchBoxTest" finished-at="2021-04-23T00:04:12 MST" duration-ms="4530" status="PASS">
          <reporter-output>
          </reporter-output>
        </test-method> <!-- searchBoxTest -->
        <test-method is-config="true" signature="tearDown()[pri:0, instance:com.amazon.qa.testcases.HomeTest@672872e1]" started-at="2021-04-23T00:04:12 MST" name="tearDown" finished-at="2021-04-23T00:04:13 MST" duration-ms="661" status="PASS">
          <reporter-output>
          </reporter-output>
        </test-method> <!-- tearDown -->
      </class> <!-- com.amazon.qa.testcases.HomeTest -->
    </test> <!-- Surefire test -->
  </suite> <!-- Surefire suite -->
</testng-results>
